09:47:01.903 [debug] Child {XPLoggerFileBackend, :general_log} of Supervisor Logger.Backends.Supervisor started
Pid: #PID<0.103.0>
Start Call: Logger.Backends.Watcher.start_link({{XPLoggerFileBackend, :general_log}, {XPLoggerFileBackend, :general_log}})
Restart: :transient
Shutdown: 5000
Type: :worker
09:47:01.904 [info] Child Logger.Backends.Supervisor of Supervisor Logger.Backends.Internal started
Pid: #PID<0.102.0>
Start Call: Logger.Backends.Supervisor.start_link([{XPLoggerFileBackend, :general_log}])
Restart: :permanent
Shutdown: :infinity
Type: :supervisor
09:47:01.904 [info] Child Logger.Backends.Internal of Supervisor Logger.Supervisor started
Pid: #PID<0.98.0>
Start Call: Logger.Backends.Internal.start_link([])
Restart: :permanent
Shutdown: :infinity
Type: :supervisor
09:47:01.904 [info] Application logger started at :nonode@nohost
09:47:01.904 [info] Application xp_mime started at :nonode@nohost
09:47:01.904 [info] Application xp_hpax started at :nonode@nohost
09:47:01.904 [info] Application crypto started at :nonode@nohost
09:47:01.904 [info] Application asn1 started at :nonode@nohost
09:47:01.904 [info] Application public_key started at :nonode@nohost
09:47:01.906 [debug] Child :ssl_handler of Supervisor :logger_sup started
Pid: #PID<0.108.0>
Start Call: :logger_olp.start_link(:logger_std_h_ssl_handler, :logger_h_common, %{id: :ssl_handler, module: :logger_std_h, config: %{type: :standard_io, filesync_repeat_interval: :no_repeat}, level: :debug, filter_default: :stop, filters: [], formatter: {:ssl_logger, %{}}}, %{})
Restart: :temporary
Shutdown: 2000
Type: :worker
09:47:01.909 [info] Child :ssl_pem_cache of Supervisor :ssl_admin_sup started
Pid: #PID<0.112.0>
Start Call: :ssl_pem_cache.start_link([])
Restart: :permanent
Shutdown: 4000
Type: :worker
09:47:01.913 [info] Child :ssl_manager of Supervisor :ssl_admin_sup started
Pid: #PID<0.113.0>
Start Call: :ssl_manager.start_link([])
Restart: :permanent
Shutdown: 4000
Type: :worker
09:47:01.914 [info] Child :tls_client_ticket_store of Supervisor :ssl_admin_sup started
Pid: #PID<0.114.0>
Start Call: :tls_client_ticket_store.start_link(1000, 7200)
Restart: :permanent
Shutdown: 4000
Type: :worker
09:47:01.914 [info] Child :ssl_admin_sup of Supervisor :ssl_sup started
Pid: #PID<0.111.0>
Start Call: :ssl_admin_sup.start_link()
Restart: :permanent
Shutdown: 4000
Type: :supervisor
09:47:01.916 [info] Child :tls_connection_sup of Supervisor :tls_sup started
Pid: #PID<0.117.0>
Start Call: :tls_connection_sup.start_link()
Restart: :permanent
Shutdown: 4000
Type: :supervisor
09:47:01.917 [info] Child :ssl_listen_tracker_sup of Supervisor :tls_server_sup started
Pid: #PID<0.119.0>
Start Call: :ssl_listen_tracker_sup.start_link()
Restart: :permanent
Shutdown: 4000
Type: :supervisor
09:47:01.917 [info] Child :tls_server_session_ticket of Supervisor :tls_server_sup started
Pid: #PID<0.120.0>
Start Call: :tls_server_session_ticket_sup.start_link()
Restart: :permanent
Shutdown: 4000
Type: :supervisor
09:47:01.918 [info] Child :ssl_server_session_cache_sup of Supervisor :tls_server_sup started
Pid: #PID<0.121.0>
Start Call: :ssl_server_session_cache_sup.start_link()
Restart: :permanent
Shutdown: 4000
Type: :supervisor
09:47:01.919 [info] Child :ssl_upgrade_server_session_cache_sup of Supervisor :tls_server_sup started
Pid: #PID<0.122.0>
Start Call: :ssl_upgrade_server_session_cache_sup.start_link()
Restart: :permanent
Shutdown: 4000
Type: :supervisor
09:47:01.919 [info] Child :tls_server_sup of Supervisor :tls_sup started
Pid: #PID<0.118.0>
Start Call: :tls_server_sup.start_link()
Restart: :permanent
Shutdown: 4000
Type: :supervisor
09:47:01.919 [info] Child :tls_sup of Supervisor :ssl_connection_sup started
Pid: #PID<0.116.0>
Start Call: :tls_sup.start_link()
Restart: :permanent
Shutdown: 4000
Type: :supervisor
09:47:01.920 [info] Child :dtls_connection_sup of Supervisor :dtls_sup started
Pid: #PID<0.124.0>
Start Call: :dtls_connection_sup.start_link()
Restart: :permanent
Shutdown: 4000
Type: :supervisor
09:47:01.922 [info] Child :dtls_listener_sup of Supervisor :dtls_server_sup started
Pid: #PID<0.126.0>
Start Call: :dtls_listener_sup.start_link()
Restart: :permanent
Shutdown: 4000
Type: :supervisor
09:47:01.923 [info] Child :dtls_server_session_cache_sup of Supervisor :dtls_server_sup started
Pid: #PID<0.127.0>
Start Call: :dtls_server_session_cache_sup.start_link()
Restart: :permanent
Shutdown: 4000
Type: :supervisor
09:47:01.923 [info] Child :dtls_server_sup of Supervisor :dtls_sup started
Pid: #PID<0.125.0>
Start Call: :dtls_server_sup.start_link()
Restart: :permanent
Shutdown: 4000
Type: :supervisor
09:47:01.923 [info] Child :dtls_sup of Supervisor :ssl_connection_sup started
Pid: #PID<0.123.0>
Start Call: :dtls_sup.start_link()
Restart: :permanent
Shutdown: 4000
Type: :supervisor
09:47:01.923 [info] Child :ssl_connection_sup of Supervisor :ssl_sup started
Pid: #PID<0.115.0>
Start Call: :ssl_connection_sup.start_link()
Restart: :permanent
Shutdown: 4000
Type: :supervisor
09:47:01.923 [info] Application ssl started at :nonode@nohost
09:47:01.924 [info] Application xp_mint started at :nonode@nohost
09:47:01.924 [info] Application xp_nimble_options started at :nonode@nohost
09:47:01.926 [info] Child XPNimblePool.TaskSupervisor of Supervisor #PID<0.133.0> (Supervisor.Default) started
Pid: #PID<0.134.0>
Start Call: Task.Supervisor.start_link([name: XPNimblePool.TaskSupervisor])
Restart: :permanent
Shutdown: :infinity
Type: :supervisor
09:47:01.927 [info] Application xp_nimble_pool started at :nonode@nohost
09:47:01.929 [info] Child :telemetry_handler_table of Supervisor :telemetry_sup started
Pid: #PID<0.138.0>
Start Call: :telemetry_handler_table.start_link()
Restart: :permanent
Shutdown: 5000
Type: :worker
09:47:01.929 [info] Application xp_telemetry started at :nonode@nohost
09:47:01.929 [info] Application xp_finch started at :nonode@nohost
09:47:01.944 [info] Child XPReq.Finch.PIDPartition0 of Supervisor XPReq.Finch started
Pid: #PID<0.144.0>
Start Call: Registry.Partition.start_link(XPReq.Finch.PIDPartition0, {{:duplicate, :pid}, XPReq.Finch, 0, 1, XPReq.Finch.KeyPartition0, XPReq.Finch.PIDPartition0, [], false})
Restart: :permanent
Shutdown: 5000
Type: :worker
09:47:01.944 [info] Child XPReq.Finch of Supervisor XPReq.Finch.Supervisor started
Pid: #PID<0.143.0>
Start Call: Registry.start_link([keys: :duplicate, name: XPReq.Finch, meta: [config: %{pools: %{}, registry_name: XPReq.Finch, supervisor_name: XPReq.Finch.PoolSupervisor, manager_name: XPReq.Finch.PoolManager, default_pool_config: %{count: 1, size: 50, mod: XPFinch.HTTP1.Pool, conn_opts: [protocols: [:http1], transport_opts: [keepalive: true, nodelay: true, timeout: 5000], ssl_key_log_file_device: nil], pool_max_idle_time: :infinity, conn_max_idle_time: :infinity, start_pool_metrics?: false}}]])
Restart: :permanent
Shutdown: :infinity
Type: :supervisor
09:47:01.944 [info] Child XPReq.Finch.PoolSupervisor of Supervisor XPReq.Finch.Supervisor started
Pid: #PID<0.145.0>
Start Call: DynamicSupervisor.start_link([name: XPReq.Finch.PoolSupervisor, strategy: :one_for_one])
Restart: :permanent
Shutdown: :infinity
Type: :supervisor
09:47:01.944 [info] Child XPFinch.PoolManager of Supervisor XPReq.Finch.Supervisor started
Pid: #PID<0.146.0>
Start Call: XPFinch.PoolManager.start_link(%{pools: %{}, registry_name: XPReq.Finch, supervisor_name: XPReq.Finch.PoolSupervisor, manager_name: XPReq.Finch.PoolManager, default_pool_config: %{count: 1, size: 50, mod: XPFinch.HTTP1.Pool, conn_opts: [protocols: [:http1], transport_opts: [keepalive: true, nodelay: true, timeout: 5000], ssl_key_log_file_device: nil], pool_max_idle_time: :infinity, conn_max_idle_time: :infinity, start_pool_metrics?: false}})
Restart: :permanent
Shutdown: 5000
Type: :worker
09:47:01.944 [info] Child XPReq.Finch of Supervisor #PID<0.141.0> (Supervisor.Default) started
Pid: #PID<0.142.0>
Start Call: XPFinch.start_link([name: XPReq.Finch, pools: %{default: [protocols: [:http1]]}])
Restart: :permanent
Shutdown: 5000
Type: :worker
09:47:01.944 [info] Child XPReq.FinchSupervisor of Supervisor #PID<0.141.0> (Supervisor.Default) started
Pid: #PID<0.147.0>
Start Call: DynamicSupervisor.start_link([strategy: :one_for_one, name: XPReq.FinchSupervisor])
Restart: :permanent
Shutdown: :infinity
Type: :supervisor
09:47:01.945 [info] Child XPReq.Test.Ownership of Supervisor #PID<0.141.0> (Supervisor.Default) started
Pid: #PID<0.148.0>
Start Call: XPReq.Test.Ownership.start_link([name: XPReq.Test.Ownership])
Restart: :permanent
Shutdown: 5000
Type: :worker
09:47:01.945 [info] Application xp_req started at :nonode@nohost
09:47:01.945 [info] Application burrito started at :nonode@nohost
09:47:01.945 [info] Application xp_schematic started at :nonode@nohost
09:47:01.945 [info] Application xp_typed_struct started at :nonode@nohost
09:47:01.945 [info] Application xp_gen_lsp started at :nonode@nohost
09:47:01.951 [info] Child XPSnowflake.Generator of Supervisor #PID<0.151.0> (Supervisor.Default) started
Pid: #PID<0.152.0>
Start Call: XPSnowflake.Generator.start_link(0, 1023)
Restart: :permanent
Shutdown: 5000
Type: :worker
09:47:01.952 [info] Application xp_snowflake started at :nonode@nohost
09:47:01.952 [info] Application xp_sourceror started at :nonode@nohost
09:47:01.952 [info] Application xp_forge started at :nonode@nohost
09:47:01.952 [info] Application xp_logger_file_backend started at :nonode@nohost
09:47:01.955 [info] Child :ttb_autostart of Supervisor :runtime_tools_sup started
Pid: #PID<0.156.0>
Start Call: :ttb_autostart.start_link()
Restart: :temporary
Shutdown: 3000
Type: :worker
09:47:01.955 [info] Application runtime_tools started at :nonode@nohost
09:47:01.955 [info] Application et started at :nonode@nohost
09:47:01.955 [info] Application observer started at :nonode@nohost
09:47:01.955 [info] Application xp_path_glob started at :nonode@nohost
09:47:01.965 [info] Starting NodePortMapper on nonode@nohost
09:47:01.966 [info] Child XPForge.NodePortMapper of Supervisor XPExpert.Supervisor started
Pid: #PID<0.160.0>
Start Call: XPForge.NodePortMapper.start_link([])
Restart: :permanent
Shutdown: 5000
Type: :worker
09:47:01.967 [info] Child XPForge.Document.Store of Supervisor XPExpert.Supervisor started
Pid: #PID<0.161.0>
Start Call: XPForge.Document.Store.start_link([derive: [analysis: &XPForge.Ast.analyze/1]])
Restart: :permanent
Shutdown: 5000
Type: :worker
09:47:01.967 [info] Child XPExpert.ProjectSupervisor of Supervisor XPExpert.Supervisor started
Pid: #PID<0.162.0>
Start Call: DynamicSupervisor.start_link([name: XPExpert.ProjectSupervisor, strategy: :one_for_one])
Restart: :permanent
Shutdown: :infinity
Type: :supervisor
09:47:01.968 [info] Child XPExpert.DynamicSupervisor of Supervisor XPExpert.Supervisor started
Pid: #PID<0.163.0>
Start Call: DynamicSupervisor.start_link([name: XPExpert.DynamicSupervisor])
Restart: :permanent
Shutdown: :infinity
Type: :supervisor
09:47:01.969 [info] Child XPGenLSP.Assigns of Supervisor XPExpert.Supervisor started
Pid: #PID<0.164.0>
Start Call: XPGenLSP.Assigns.start_link([name: XPExpert.Assigns])
Restart: :permanent
Shutdown: 5000
Type: :worker
09:47:01.969 [info] Child :expert_task_queue of Supervisor XPExpert.Supervisor started
Pid: #PID<0.165.0>
Start Call: Task.Supervisor.start_link([name: :expert_task_queue])
Restart: :permanent
Shutdown: :infinity
Type: :supervisor
09:47:01.970 [info] Child XPGenLSP.Buffer of Supervisor XPExpert.Supervisor started
Pid: #PID<0.166.0>
Start Call: XPGenLSP.Buffer.start_link([name: XPExpert.Buffer])
Restart: :permanent
Shutdown: 5000
Type: :worker
09:47:01.970 [debug] [name: XPExpert, buffer: XPExpert.Buffer, task_supervisor: :expert_task_queue, dynamic_supervisor: XPExpert.DynamicSupervisor, assigns: XPExpert.Assigns]
09:47:01.974 [info] Child XPExpert of Supervisor XPExpert.Supervisor started
Pid: #PID<0.167.0>
Start Call: XPExpert.start_link([name: XPExpert, buffer: XPExpert.Buffer, task_supervisor: :expert_task_queue, dynamic_supervisor: XPExpert.DynamicSupervisor, assigns: XPExpert.Assigns])
Restart: :permanent
Shutdown: 500
Type: :worker
09:47:01.974 [info] Application xp_expert started at :nonode@nohost
09:47:02.078 [debug] handled request client -> server initialize in 96ms
09:47:02.083 [debug] sent request server -> client client/registerCapability
09:47:02.087 [info] Opened file:///home/goku/elixir/practice_hub/lib/practice_hub.ex
09:47:02.087 [debug] handled notification client -> server textDocument/didOpen in 7ms
09:47:02.092 [info] [Project file:///home/goku/elixir/practice_hub] Starting project
09:47:02.092 [debug] sent notification server -> client window/logMessage
09:47:02.098 [info] Child {XPExpert.EngineSupervisor, "practice_hub"} of Supervisor :"practice_hub::supervisor" started
Pid: #PID<0.174.0>
Start Call: XPExpert.EngineSupervisor.start_link(%XPForge.Project{root_uri: "file:///home/goku/elixir/practice_hub", mix_exs_uri: "file:///home/goku/elixir/practice_hub/mix.exs", mix_project?: true, mix_env: nil, mix_target: nil, env_variables: %{}, project_module: nil, entropy: 28676})
Restart: :permanent
Shutdown: 5000
Type: :worker
09:47:02.099 [debug] sent request server -> client window/workDoneProgress/create
09:47:02.115 [debug] handled notification client -> server initialized in 35ms
09:47:02.115 [debug] sent notification server -> client $/progress
09:47:02.120 [info] Child XPForge.EPMD of Supervisor :net_sup started
Pid: #PID<0.177.0>
Start Call: XPForge.EPMD.start_link()
Restart: :permanent
Shutdown: 2000
Type: :worker
09:47:02.121 [info] Child :auth of Supervisor :net_sup started
Pid: #PID<0.178.0>
Start Call: :auth.start_link()
Restart: :permanent
Shutdown: 2000
Type: :worker
09:47:02.141 [info] Child :net_kernel of Supervisor :net_sup started
Pid: #PID<0.179.0>
Start Call: :net_kernel.start_link(%{name: :"expert-manager-practice_hub-28676@127.0.0.1", supervisor: :net_sup_dynamic, net_tickintensity: 4, net_ticktime: 60, name_domain: :longnames, clean_halt: false})
Restart: :permanent
Shutdown: 2000
Type: :worker
09:47:02.141 [debug] Child :net_sup_dynamic of Supervisor :kernel_sup started
Pid: #PID<0.176.0>
Start Call: :erl_distribution.start_link(%{name: :"expert-manager-practice_hub-28676@127.0.0.1", supervisor: :net_sup_dynamic, net_tickintensity: 4, net_ticktime: 60, name_domain: :longnames, clean_halt: false})
Restart: :permanent
Shutdown: 1000
Type: :supervisor
09:47:02.327 [info] [Project file:///home/goku/elixir/practice_hub] Found elixir executable at /home/goku/.asdf/shims/elixir
09:47:02.327 [debug] sent notification server -> client window/logMessage
09:47:02.327 [info] [Project file:///home/goku/elixir/practice_hub] Finding or building engine
09:47:02.327 [debug] sent notification server -> client window/logMessage
09:47:02.327 [debug] sent request server -> client window/workDoneProgress/create
09:47:02.327 [debug] sent notification server -> client $/progress
09:47:04.675 [debug] Building engine: * creating /home/goku/.asdf/installs/elixir/1.19.4/.mix/archives/hex-2.5.1

09:47:06.595 [debug] Building engine: * creating /home/goku/.asdf/installs/elixir/1.19.4/.mix/elixir/1-19-otp-28/rebar3

09:47:08.603 [debug] Building engine: Rewriting 20 app files

09:47:08.640 [debug] Building engine: Rewriting .beam files

09:47:08.684 [debug] Building engine:  Found 0 protocols
 Found 1640 app beam files

09:47:08.699 [debug] Building engine: 
09:47:08.699 [debug] Building engine: Applying namespace:   0% complete
09:47:08.766 [debug] Building engine: Applying namespace:   3% complete
09:47:08.833 [debug] Building engine: Applying namespace:   5% complete
09:47:08.907 [debug] Building engine: Applying namespace:   6% complete
09:47:08.973 [debug] Building engine: 
09:47:08.974 [debug] Building engine: Applying namespace:   7% complete
09:47:09.040 [debug] Building engine: Applying namespace:   7% complete
09:47:09.109 [debug] Building engine: 
09:47:09.110 [debug] Building engine: Applying namespace:   8% complete
09:47:09.182 [debug] Building engine: 
09:47:09.182 [debug] Building engine: Applying namespace:   9% complete
09:47:09.252 [debug] Building engine: 
09:47:09.253 [debug] Building engine: Applying namespace:  10% complete
09:47:09.322 [debug] Building engine: 
09:47:09.325 [debug] Building engine: Applying namespace:  12% complete
09:47:09.395 [debug] Building engine: 
09:47:09.395 [debug] Building engine: Applying namespace:  13% complete
09:47:09.463 [debug] Building engine: Applying namespace:  14% complete
09:47:09.529 [debug] Building engine: Applying namespace:  16% complete
09:47:09.601 [debug] Building engine: 
09:47:09.601 [debug] Building engine: Applying namespace:  17% complete
09:47:09.667 [debug] Building engine: 
09:47:09.668 [debug] Building engine: Applying namespace:  17% complete
09:47:09.782 [debug] Building engine: 
09:47:09.783 [debug] Building engine: Applying namespace:  17% complete
09:47:09.857 [debug] Building engine: 
09:47:09.858 [debug] Building engine: Applying namespace:  18% complete
09:47:09.928 [debug] Building engine: 
09:47:09.928 [debug] Building engine: Applying namespace:  18% complete
09:47:09.995 [debug] Building engine: Applying namespace:  19% complete
09:47:10.064 [debug] Building engine: 
09:47:10.065 [debug] Building engine: Applying namespace:  20% complete
09:47:10.134 [debug] Building engine: 
09:47:10.134 [debug] Building engine: Applying namespace:  21% complete
09:47:10.201 [debug] Building engine: 
09:47:10.201 [debug] Building engine: Applying namespace:  22% complete
09:47:10.270 [debug] Building engine: 
09:47:10.271 [debug] Building engine: Applying namespace:  23% complete
09:47:10.347 [debug] Building engine: Applying namespace:  24% complete
09:47:10.413 [debug] Building engine: 
09:47:10.413 [debug] Building engine: Applying namespace:  25% complete
09:47:10.480 [debug] Building engine: 
09:47:10.481 [debug] Building engine: Applying namespace:  27% complete
09:47:10.550 [debug] Building engine: 
09:47:10.551 [debug] Building engine: Applying namespace:  28% complete
09:47:10.618 [debug] Building engine: 
09:47:10.618 [debug] Building engine: Applying namespace:  31% complete
09:47:10.684 [debug] Building engine: 
09:47:10.686 [debug] Building engine: Applying namespace:  34% complete
09:47:10.751 [debug] Building engine: 
09:47:10.751 [debug] Building engine: Applying namespace:  38% complete
09:47:10.816 [debug] Building engine: 
09:47:10.817 [debug] Building engine: Applying namespace:  45% complete
09:47:10.883 [debug] Building engine: Applying namespace:  51% complete
09:47:10.948 [debug] Building engine: 
09:47:10.949 [debug] Building engine: Applying namespace:  57% complete
09:47:11.018 [debug] Building engine: Applying namespace:  63% complete
09:47:11.080 [debug] Building engine: 
09:47:11.080 [debug] Building engine: Applying namespace:  71% complete
09:47:11.147 [debug] Building engine: 
09:47:11.147 [debug] Building engine: Applying namespace:  78% complete
09:47:11.213 [debug] Building engine: 
09:47:11.213 [debug] Building engine: Applying namespace:  88% complete
09:47:11.280 [debug] Building engine: 
09:47:11.281 [debug] Building engine: Applying namespace:  93% complete
09:47:11.352 [debug] Building engine: 
09:47:11.352 [debug] Building engine: Applying namespace:  94% complete
09:47:11.458 [debug] Building engine: Applying namespace:  94% complete
09:47:11.527 [debug] Building engine: 
09:47:11.527 [debug] Building engine: Applying namespace:  95% complete
09:47:11.594 [debug] Building engine: Applying namespace:  96% complete
09:47:11.660 [debug] Building engine: 
09:47:11.661 [debug] Building engine: Applying namespace:  98% complete
09:47:11.746 [debug] Building engine: 
09:47:11.746 [debug] Building engine: Applying namespace:  98% complete
09:47:11.823 [debug] Building engine: 
09:47:11.823 [debug] Building engine: Applying namespace:  99% complete
09:47:12.104 [debug] Building engine: 
09:47:12.105 [debug] Building engine: Applying namespace:  99% complete
09:47:14.183 [debug] Building engine: 
09:47:14.184 [debug] Building engine: Applying namespace: 100% complete
 done

09:47:14.208 [debug] Building engine: Rewriting 0 scripts

09:47:14.210 [debug] Building engine: Rebuilding 0 boot files

09:47:14.231 [debug] Building engine: Rewriting 0 config scripts.

09:47:14.235 [info] Engine build available at: /home/goku/.local/share/Expert/0.1.0/ex-1.19.4-erl-16.1.2/QyWGvhFpwkDJFYoA-rLmqw/_build/dev_ns
09:47:14.267 [info] ebin paths:
["/home/goku/.local/share/Expert/0.1.0/ex-1.19.4-erl-16.1.2/QyWGvhFpwkDJFYoA-rLmqw/_build/dev_ns/lib/mix_install/ebin",
 "/home/goku/.local/share/Expert/0.1.0/ex-1.19.4-erl-16.1.2/QyWGvhFpwkDJFYoA-rLmqw/_build/dev_ns/lib/patch/ebin",
 "/home/goku/.local/share/Expert/0.1.0/ex-1.19.4-erl-16.1.2/QyWGvhFpwkDJFYoA-rLmqw/_build/dev_ns/lib/xp_bunt/ebin",
 "/home/goku/.local/share/Expert/0.1.0/ex-1.19.4-erl-16.1.2/QyWGvhFpwkDJFYoA-rLmqw/_build/dev_ns/lib/xp_credo/ebin",
 "/home/goku/.local/share/Expert/0.1.0/ex-1.19.4-erl-16.1.2/QyWGvhFpwkDJFYoA-rLmqw/_build/dev_ns/lib/xp_deps_nix/ebin",
 "/home/goku/.local/share/Expert/0.1.0/ex-1.19.4-erl-16.1.2/QyWGvhFpwkDJFYoA-rLmqw/_build/dev_ns/lib/xp_elixir_sense/ebin",
 "/home/goku/.local/share/Expert/0.1.0/ex-1.19.4-erl-16.1.2/QyWGvhFpwkDJFYoA-rLmqw/_build/dev_ns/lib/xp_engine/ebin",
 "/home/goku/.local/share/Expert/0.1.0/ex-1.19.4-erl-16.1.2/QyWGvhFpwkDJFYoA-rLmqw/_build/dev_ns/lib/xp_file_system/ebin",
 "/home/goku/.local/share/Expert/0.1.0/ex-1.19.4-erl-16.1.2/QyWGvhFpwkDJFYoA-rLmqw/_build/dev_ns/lib/xp_forge/ebin",
 "/home/goku/.local/share/Expert/0.1.0/ex-1.19.4-erl-16.1.2/QyWGvhFpwkDJFYoA-rLmqw/_build/dev_ns/lib/xp_gen_lsp/ebin",
 "/home/goku/.local/share/Expert/0.1.0/ex-1.19.4-erl-16.1.2/QyWGvhFpwkDJFYoA-rLmqw/_build/dev_ns/lib/xp_hpax/ebin",
 "/home/goku/.local/share/Expert/0.1.0/ex-1.19.4-erl-16.1.2/QyWGvhFpwkDJFYoA-rLmqw/_build/dev_ns/lib/xp_jason/ebin",
 "/home/goku/.local/share/Expert/0.1.0/ex-1.19.4-erl-16.1.2/QyWGvhFpwkDJFYoA-rLmqw/_build/dev_ns/lib/xp_mint/ebin",
 "/home/goku/.local/share/Expert/0.1.0/ex-1.19.4-erl-16.1.2/QyWGvhFpwkDJFYoA-rLmqw/_build/dev_ns/lib/xp_nimble_options/ebin",
 "/home/goku/.local/share/Expert/0.1.0/ex-1.19.4-erl-16.1.2/QyWGvhFpwkDJFYoA-rLmqw/_build/dev_ns/lib/xp_nimble_parsec/ebin",
 "/home/goku/.local/share/Expert/0.1.0/ex-1.19.4-erl-16.1.2/QyWGvhFpwkDJFYoA-rLmqw/_build/dev_ns/lib/xp_path_glob/ebin",
 "/home/goku/.local/share/Expert/0.1.0/ex-1.19.4-erl-16.1.2/QyWGvhFpwkDJFYoA-rLmqw/_build/dev_ns/lib/xp_refactorex/ebin",
 "/home/goku/.local/share/Expert/0.1.0/ex-1.19.4-erl-16.1.2/QyWGvhFpwkDJFYoA-rLmqw/_build/dev_ns/lib/xp_schematic/ebin",
 "/home/goku/.local/share/Expert/0.1.0/ex-1.19.4-erl-16.1.2/QyWGvhFpwkDJFYoA-rLmqw/_build/dev_ns/lib/xp_snowflake/ebin",
 "/home/goku/.local/share/Expert/0.1.0/ex-1.19.4-erl-16.1.2/QyWGvhFpwkDJFYoA-rLmqw/_build/dev_ns/lib/xp_sourceror/ebin",
 "/home/goku/.local/share/Expert/0.1.0/ex-1.19.4-erl-16.1.2/QyWGvhFpwkDJFYoA-rLmqw/_build/dev_ns/lib/xp_telemetry/ebin",
 "/home/goku/.local/share/Expert/0.1.0/ex-1.19.4-erl-16.1.2/QyWGvhFpwkDJFYoA-rLmqw/_build/dev_ns/lib/xp_typed_struct/ebin"]
09:47:14.294 [debug] sent notification server -> client $/progress
09:47:14.295 [debug] sent notification server -> client $/progress
09:47:14.700 [debug] sent notification server -> client $/progress
09:47:14.703 [debug] Node port message: ok

09:47:14.851 [debug] Node port message: 
09:47:14.843 [notice] Application mix exited: :stopped

09:47:14.868 [debug] Node port message:     warning: redefining module PracticeHub.MixProject (current version defined in memory)
    │
  1 │ defmodule PracticeHub.MixProject do
    │ ~~~~~~~~~~~~~~~~~~~~~~~~~~~~~~~~~~~
    │
    └─ /home/goku/elixir/practice_hub/mix.exs:1: PracticeHub.MixProject (module)


09:47:14.875 [debug] sent notification server -> client $/progress
09:47:14.875 [debug] sent notification server -> client $/progress
09:47:14.880 [debug] sent notification server -> client $/progress
09:47:14.969 [debug] Node port message: 
09:47:14.969 [info] Build path /home/goku/elixir/practice_hub/.expert/build/erl-28/elixir-1.19 was compiled on a previous erlang version. Deleting

09:47:14.977 [debug] sent notification server -> client $/progress
09:47:14.977 [debug] sent notification server -> client $/progress
09:47:14.977 [debug] sent notification server -> client $/progress
09:47:14.977 [debug] sent notification server -> client $/progress
09:47:14.977 [debug] sent notification server -> client $/progress
09:47:14.977 [debug] sent notification server -> client $/progress
09:47:14.977 [debug] sent notification server -> client $/progress
09:47:14.977 [debug] sent notification server -> client $/progress
09:47:14.977 [debug] sent notification server -> client $/progress
09:47:14.977 [debug] sent notification server -> client $/progress
09:47:14.977 [debug] sent notification server -> client $/progress
09:47:14.977 [debug] sent notification server -> client $/progress
09:47:14.977 [debug] sent notification server -> client $/progress
09:47:14.977 [debug] sent notification server -> client $/progress
09:47:14.977 [debug] sent notification server -> client $/progress
09:47:14.977 [debug] sent notification server -> client $/progress
09:47:14.977 [debug] sent notification server -> client $/progress
09:47:14.977 [debug] sent notification server -> client $/progress
09:47:14.978 [debug] sent notification server -> client $/progress
09:47:14.978 [info] Child {XPExpert.Project.Node, "practice_hub"} of Supervisor :"practice_hub::supervisor" started
Pid: #PID<0.175.0>
Start Call: XPExpert.Project.Node.start_link(%XPForge.Project{root_uri: "file:///home/goku/elixir/practice_hub", mix_exs_uri: "file:///home/goku/elixir/practice_hub/mix.exs", mix_project?: true, mix_env: nil, mix_target: nil, env_variables: %{}, project_module: nil, entropy: 28676})
Restart: :permanent
Shutdown: 5000
Type: :worker
09:47:14.980 [info] Child {XPExpert.Project.Diagnostics, "practice_hub"} of Supervisor :"practice_hub::supervisor" started
Pid: #PID<0.209.0>
Start Call: XPExpert.Project.Diagnostics.start_link(%XPForge.Project{root_uri: "file:///home/goku/elixir/practice_hub", mix_exs_uri: "file:///home/goku/elixir/practice_hub/mix.exs", mix_project?: true, mix_env: nil, mix_target: nil, env_variables: %{}, project_module: nil, entropy: 28676})
Restart: :permanent
Shutdown: 5000
Type: :worker
09:47:14.981 [info] Child {XPExpert.Project.Intelligence, "practice_hub"} of Supervisor :"practice_hub::supervisor" started
Pid: #PID<0.210.0>
Start Call: XPExpert.Project.Intelligence.start_link(%XPForge.Project{root_uri: "file:///home/goku/elixir/practice_hub", mix_exs_uri: "file:///home/goku/elixir/practice_hub/mix.exs", mix_project?: true, mix_env: nil, mix_target: nil, env_variables: %{}, project_module: nil, entropy: 28676})
Restart: :permanent
Shutdown: 5000
Type: :worker
09:47:14.982 [info] Child XPExpert.Project.SearchListener of Supervisor :"practice_hub::supervisor" started
Pid: #PID<0.211.0>
Start Call: XPExpert.Project.SearchListener.start_link(%XPForge.Project{root_uri: "file:///home/goku/elixir/practice_hub", mix_exs_uri: "file:///home/goku/elixir/practice_hub/mix.exs", mix_project?: true, mix_env: nil, mix_target: nil, env_variables: %{}, project_module: nil, entropy: 28676})
Restart: :permanent
Shutdown: 5000
Type: :worker
09:47:14.983 [info] Engine initialized
09:47:15.036 [debug] sent request server -> client window/workDoneProgress/create
09:47:15.036 [debug] Node port message: 
09:47:15.036 [info] Building practice_hub

09:47:15.036 [debug] Node port message: 
09:47:15.036 [debug] sent request server -> client window/workDoneProgress/create

09:47:15.036 [debug] sent notification server -> client $/progress
09:47:15.036 [debug] Node port message: 
09:47:15.036 [debug] sent notification server -> client $/progress

09:47:15.050 [debug] sent notification server -> client $/progress
09:47:15.050 [debug] Node port message: 
09:47:15.050 [debug] sent notification server -> client $/progress

09:47:15.611 [debug] Node port message: * creating /home/goku/.asdf/installs/elixir/1.19.4/.mix/archives/hex-2.5.1

09:47:15.611 [debug] sent notification server -> client $/progress
09:47:15.612 [debug] Node port message: 
09:47:15.611 [debug] sent notification server -> client $/progress

09:47:16.027 [debug] Node port message: * creating /home/goku/.asdf/installs/elixir/1.19.4/.mix/elixir/1-19-otp-28/rebar3

09:47:16.027 [debug] sent notification server -> client $/progress
09:47:16.027 [debug] Node port message: 
09:47:16.027 [debug] sent notification server -> client $/progress

09:47:16.042 [debug] Node port message: All dependencies have been fetched

09:47:16.046 [debug] sent notification server -> client $/progress
09:47:16.046 [debug] Node port message: 
09:47:16.046 [debug] sent notification server -> client $/progress

09:47:16.048 [debug] sent notification server -> client $/progress
09:47:16.049 [debug] Node port message: 
09:47:16.048 [debug] sent notification server -> client $/progress

09:47:16.051 [debug] sent notification server -> client $/progress
09:47:16.051 [debug] Node port message: 
09:47:16.051 [info] Loaded []

09:47:16.052 [debug] Node port message: 
09:47:16.051 [debug] sent notification server -> client $/progress

09:47:16.077 [debug] Node port message: Compiling 1 file (.ex)

09:47:16.087 [debug] sent notification server -> client $/progress
09:47:16.087 [debug] Node port message: 
09:47:16.087 [debug] sent notification server -> client $/progress

09:47:16.096 [debug] Node port message: Generated practice_hub app

09:47:16.101 [debug] Node port message: 
09:47:16.101 [info] Compile completed with status ok Produced 0 diagnostics []

09:47:16.103 [debug] sent notification server -> client $/progress
09:47:16.103 [debug] Node port message: 
09:47:16.103 [debug] sent notification server -> client $/progress

09:47:16.105 [info] Compiled practice_hub in 1.1 seconds
09:47:16.110 [debug] Node port message: 
09:47:16.109 [info] Plugins found 0 results in 0.004 ms

09:47:16.122 [debug] Node port message: 
09:47:16.122 [info] backend reports empty

09:47:16.127 [debug] sent request server -> client window/workDoneProgress/create
09:47:16.127 [debug] Node port message: 
09:47:16.127 [debug] sent request server -> client window/workDoneProgress/create

09:47:16.127 [debug] sent notification server -> client $/progress
09:47:16.128 [debug] Node port message: 
09:47:16.127 [debug] sent notification server -> client $/progress

09:47:16.129 [debug] sent notification server -> client $/progress
09:47:16.130 [debug] Node port message: 
09:47:16.129 [debug] sent notification server -> client $/progress

09:47:16.229 [debug] sent notification server -> client $/progress
09:47:16.230 [debug] Node port message: 
09:47:16.229 [debug] sent notification server -> client $/progress

09:50:01.579 [debug] sent notification server -> client window/logMessage
09:50:01.579 [info] Shutting down
09:50:01.579 [debug] handled request client -> server shutdown in 1ms
09:51:13.317 [debug] Child {XPLoggerFileBackend, :general_log} of Supervisor Logger.Backends.Supervisor started
Pid: #PID<0.103.0>
Start Call: Logger.Backends.Watcher.start_link({{XPLoggerFileBackend, :general_log}, {XPLoggerFileBackend, :general_log}})
Restart: :transient
Shutdown: 5000
Type: :worker
09:51:13.317 [info] Child Logger.Backends.Supervisor of Supervisor Logger.Backends.Internal started
Pid: #PID<0.102.0>
Start Call: Logger.Backends.Supervisor.start_link([{XPLoggerFileBackend, :general_log}])
Restart: :permanent
Shutdown: :infinity
Type: :supervisor
09:51:13.317 [info] Child Logger.Backends.Internal of Supervisor Logger.Supervisor started
Pid: #PID<0.98.0>
Start Call: Logger.Backends.Internal.start_link([])
Restart: :permanent
Shutdown: :infinity
Type: :supervisor
09:51:13.317 [info] Application logger started at :nonode@nohost
09:51:13.317 [info] Application xp_mime started at :nonode@nohost
09:51:13.317 [info] Application xp_hpax started at :nonode@nohost
09:51:13.317 [info] Application crypto started at :nonode@nohost
09:51:13.317 [info] Application asn1 started at :nonode@nohost
09:51:13.317 [info] Application public_key started at :nonode@nohost
09:51:13.319 [debug] Child :ssl_handler of Supervisor :logger_sup started
Pid: #PID<0.108.0>
Start Call: :logger_olp.start_link(:logger_std_h_ssl_handler, :logger_h_common, %{id: :ssl_handler, module: :logger_std_h, config: %{type: :standard_io, filesync_repeat_interval: :no_repeat}, level: :debug, filter_default: :stop, filters: [], formatter: {:ssl_logger, %{}}}, %{})
Restart: :temporary
Shutdown: 2000
Type: :worker
09:51:13.321 [info] Child :ssl_pem_cache of Supervisor :ssl_admin_sup started
Pid: #PID<0.112.0>
Start Call: :ssl_pem_cache.start_link([])
Restart: :permanent
Shutdown: 4000
Type: :worker
09:51:13.323 [info] Child :ssl_manager of Supervisor :ssl_admin_sup started
Pid: #PID<0.113.0>
Start Call: :ssl_manager.start_link([])
Restart: :permanent
Shutdown: 4000
Type: :worker
09:51:13.324 [info] Child :tls_client_ticket_store of Supervisor :ssl_admin_sup started
Pid: #PID<0.114.0>
Start Call: :tls_client_ticket_store.start_link(1000, 7200)
Restart: :permanent
Shutdown: 4000
Type: :worker
09:51:13.324 [info] Child :ssl_admin_sup of Supervisor :ssl_sup started
Pid: #PID<0.111.0>
Start Call: :ssl_admin_sup.start_link()
Restart: :permanent
Shutdown: 4000
Type: :supervisor
09:51:13.325 [info] Child :tls_connection_sup of Supervisor :tls_sup started
Pid: #PID<0.117.0>
Start Call: :tls_connection_sup.start_link()
Restart: :permanent
Shutdown: 4000
Type: :supervisor
09:51:13.326 [info] Child :ssl_listen_tracker_sup of Supervisor :tls_server_sup started
Pid: #PID<0.119.0>
Start Call: :ssl_listen_tracker_sup.start_link()
Restart: :permanent
Shutdown: 4000
Type: :supervisor
09:51:13.327 [info] Child :tls_server_session_ticket of Supervisor :tls_server_sup started
Pid: #PID<0.120.0>
Start Call: :tls_server_session_ticket_sup.start_link()
Restart: :permanent
Shutdown: 4000
Type: :supervisor
09:51:13.327 [info] Child :ssl_server_session_cache_sup of Supervisor :tls_server_sup started
Pid: #PID<0.121.0>
Start Call: :ssl_server_session_cache_sup.start_link()
Restart: :permanent
Shutdown: 4000
Type: :supervisor
09:51:13.327 [info] Child :ssl_upgrade_server_session_cache_sup of Supervisor :tls_server_sup started
Pid: #PID<0.122.0>
Start Call: :ssl_upgrade_server_session_cache_sup.start_link()
Restart: :permanent
Shutdown: 4000
Type: :supervisor
09:51:13.328 [info] Child :tls_server_sup of Supervisor :tls_sup started
Pid: #PID<0.118.0>
Start Call: :tls_server_sup.start_link()
Restart: :permanent
Shutdown: 4000
Type: :supervisor
09:51:13.328 [info] Child :tls_sup of Supervisor :ssl_connection_sup started
Pid: #PID<0.116.0>
Start Call: :tls_sup.start_link()
Restart: :permanent
Shutdown: 4000
Type: :supervisor
09:51:13.328 [info] Child :dtls_connection_sup of Supervisor :dtls_sup started
Pid: #PID<0.124.0>
Start Call: :dtls_connection_sup.start_link()
Restart: :permanent
Shutdown: 4000
Type: :supervisor
09:51:13.329 [info] Child :dtls_listener_sup of Supervisor :dtls_server_sup started
Pid: #PID<0.126.0>
Start Call: :dtls_listener_sup.start_link()
Restart: :permanent
Shutdown: 4000
Type: :supervisor
09:51:13.330 [info] Child :dtls_server_session_cache_sup of Supervisor :dtls_server_sup started
Pid: #PID<0.127.0>
Start Call: :dtls_server_session_cache_sup.start_link()
Restart: :permanent
Shutdown: 4000
Type: :supervisor
09:51:13.330 [info] Child :dtls_server_sup of Supervisor :dtls_sup started
Pid: #PID<0.125.0>
Start Call: :dtls_server_sup.start_link()
Restart: :permanent
Shutdown: 4000
Type: :supervisor
09:51:13.330 [info] Child :dtls_sup of Supervisor :ssl_connection_sup started
Pid: #PID<0.123.0>
Start Call: :dtls_sup.start_link()
Restart: :permanent
Shutdown: 4000
Type: :supervisor
09:51:13.330 [info] Child :ssl_connection_sup of Supervisor :ssl_sup started
Pid: #PID<0.115.0>
Start Call: :ssl_connection_sup.start_link()
Restart: :permanent
Shutdown: 4000
Type: :supervisor
09:51:13.330 [info] Application ssl started at :nonode@nohost
09:51:13.331 [info] Application xp_mint started at :nonode@nohost
09:51:13.331 [info] Application xp_nimble_options started at :nonode@nohost
09:51:13.332 [info] Child XPNimblePool.TaskSupervisor of Supervisor #PID<0.133.0> (Supervisor.Default) started
Pid: #PID<0.134.0>
Start Call: Task.Supervisor.start_link([name: XPNimblePool.TaskSupervisor])
Restart: :permanent
Shutdown: :infinity
Type: :supervisor
09:51:13.332 [info] Application xp_nimble_pool started at :nonode@nohost
09:51:13.333 [info] Child :telemetry_handler_table of Supervisor :telemetry_sup started
Pid: #PID<0.138.0>
Start Call: :telemetry_handler_table.start_link()
Restart: :permanent
Shutdown: 5000
Type: :worker
09:51:13.333 [info] Application xp_telemetry started at :nonode@nohost
09:51:13.333 [info] Application xp_finch started at :nonode@nohost
09:51:13.342 [info] Child XPReq.Finch.PIDPartition0 of Supervisor XPReq.Finch started
Pid: #PID<0.144.0>
Start Call: Registry.Partition.start_link(XPReq.Finch.PIDPartition0, {{:duplicate, :pid}, XPReq.Finch, 0, 1, XPReq.Finch.KeyPartition0, XPReq.Finch.PIDPartition0, [], false})
Restart: :permanent
Shutdown: 5000
Type: :worker
09:51:13.342 [info] Child XPReq.Finch of Supervisor XPReq.Finch.Supervisor started
Pid: #PID<0.143.0>
Start Call: Registry.start_link([keys: :duplicate, name: XPReq.Finch, meta: [config: %{pools: %{}, registry_name: XPReq.Finch, supervisor_name: XPReq.Finch.PoolSupervisor, manager_name: XPReq.Finch.PoolManager, default_pool_config: %{count: 1, size: 50, mod: XPFinch.HTTP1.Pool, conn_opts: [protocols: [:http1], transport_opts: [keepalive: true, nodelay: true, timeout: 5000], ssl_key_log_file_device: nil], pool_max_idle_time: :infinity, conn_max_idle_time: :infinity, start_pool_metrics?: false}}]])
Restart: :permanent
Shutdown: :infinity
Type: :supervisor
09:51:13.342 [info] Child XPReq.Finch.PoolSupervisor of Supervisor XPReq.Finch.Supervisor started
Pid: #PID<0.145.0>
Start Call: DynamicSupervisor.start_link([name: XPReq.Finch.PoolSupervisor, strategy: :one_for_one])
Restart: :permanent
Shutdown: :infinity
Type: :supervisor
09:51:13.343 [info] Child XPFinch.PoolManager of Supervisor XPReq.Finch.Supervisor started
Pid: #PID<0.146.0>
Start Call: XPFinch.PoolManager.start_link(%{pools: %{}, registry_name: XPReq.Finch, supervisor_name: XPReq.Finch.PoolSupervisor, manager_name: XPReq.Finch.PoolManager, default_pool_config: %{count: 1, size: 50, mod: XPFinch.HTTP1.Pool, conn_opts: [protocols: [:http1], transport_opts: [keepalive: true, nodelay: true, timeout: 5000], ssl_key_log_file_device: nil], pool_max_idle_time: :infinity, conn_max_idle_time: :infinity, start_pool_metrics?: false}})
Restart: :permanent
Shutdown: 5000
Type: :worker
09:51:13.343 [info] Child XPReq.Finch of Supervisor #PID<0.141.0> (Supervisor.Default) started
Pid: #PID<0.142.0>
Start Call: XPFinch.start_link([name: XPReq.Finch, pools: %{default: [protocols: [:http1]]}])
Restart: :permanent
Shutdown: 5000
Type: :worker
09:51:13.343 [info] Child XPReq.FinchSupervisor of Supervisor #PID<0.141.0> (Supervisor.Default) started
Pid: #PID<0.147.0>
Start Call: DynamicSupervisor.start_link([strategy: :one_for_one, name: XPReq.FinchSupervisor])
Restart: :permanent
Shutdown: :infinity
Type: :supervisor
09:51:13.343 [info] Child XPReq.Test.Ownership of Supervisor #PID<0.141.0> (Supervisor.Default) started
Pid: #PID<0.148.0>
Start Call: XPReq.Test.Ownership.start_link([name: XPReq.Test.Ownership])
Restart: :permanent
Shutdown: 5000
Type: :worker
09:51:13.343 [info] Application xp_req started at :nonode@nohost
09:51:13.343 [info] Application burrito started at :nonode@nohost
09:51:13.343 [info] Application xp_schematic started at :nonode@nohost
09:51:13.343 [info] Application xp_typed_struct started at :nonode@nohost
09:51:13.343 [info] Application xp_gen_lsp started at :nonode@nohost
09:51:13.347 [info] Child XPSnowflake.Generator of Supervisor #PID<0.151.0> (Supervisor.Default) started
Pid: #PID<0.152.0>
Start Call: XPSnowflake.Generator.start_link(0, 1023)
Restart: :permanent
Shutdown: 5000
Type: :worker
09:51:13.347 [info] Application xp_snowflake started at :nonode@nohost
09:51:13.347 [info] Application xp_sourceror started at :nonode@nohost
09:51:13.347 [info] Application xp_forge started at :nonode@nohost
09:51:13.347 [info] Application xp_logger_file_backend started at :nonode@nohost
09:51:13.349 [info] Child :ttb_autostart of Supervisor :runtime_tools_sup started
Pid: #PID<0.156.0>
Start Call: :ttb_autostart.start_link()
Restart: :temporary
Shutdown: 3000
Type: :worker
09:51:13.349 [info] Application runtime_tools started at :nonode@nohost
09:51:13.349 [info] Application et started at :nonode@nohost
09:51:13.349 [info] Application observer started at :nonode@nohost
09:51:13.349 [info] Application xp_path_glob started at :nonode@nohost
09:51:13.355 [info] Starting NodePortMapper on nonode@nohost
09:51:13.355 [info] Child XPForge.NodePortMapper of Supervisor XPExpert.Supervisor started
Pid: #PID<0.160.0>
Start Call: XPForge.NodePortMapper.start_link([])
Restart: :permanent
Shutdown: 5000
Type: :worker
09:51:13.356 [info] Child XPForge.Document.Store of Supervisor XPExpert.Supervisor started
Pid: #PID<0.161.0>
Start Call: XPForge.Document.Store.start_link([derive: [analysis: &XPForge.Ast.analyze/1]])
Restart: :permanent
Shutdown: 5000
Type: :worker
09:51:13.356 [info] Child XPExpert.ProjectSupervisor of Supervisor XPExpert.Supervisor started
Pid: #PID<0.162.0>
Start Call: DynamicSupervisor.start_link([name: XPExpert.ProjectSupervisor, strategy: :one_for_one])
Restart: :permanent
Shutdown: :infinity
Type: :supervisor
09:51:13.357 [info] Child XPExpert.DynamicSupervisor of Supervisor XPExpert.Supervisor started
Pid: #PID<0.163.0>
Start Call: DynamicSupervisor.start_link([name: XPExpert.DynamicSupervisor])
Restart: :permanent
Shutdown: :infinity
Type: :supervisor
09:51:13.358 [info] Child XPGenLSP.Assigns of Supervisor XPExpert.Supervisor started
Pid: #PID<0.164.0>
Start Call: XPGenLSP.Assigns.start_link([name: XPExpert.Assigns])
Restart: :permanent
Shutdown: 5000
Type: :worker
09:51:13.358 [info] Child :expert_task_queue of Supervisor XPExpert.Supervisor started
Pid: #PID<0.165.0>
Start Call: Task.Supervisor.start_link([name: :expert_task_queue])
Restart: :permanent
Shutdown: :infinity
Type: :supervisor
09:51:13.359 [info] Child XPGenLSP.Buffer of Supervisor XPExpert.Supervisor started
Pid: #PID<0.166.0>
Start Call: XPGenLSP.Buffer.start_link([name: XPExpert.Buffer])
Restart: :permanent
Shutdown: 5000
Type: :worker
09:51:13.359 [debug] [name: XPExpert, buffer: XPExpert.Buffer, task_supervisor: :expert_task_queue, dynamic_supervisor: XPExpert.DynamicSupervisor, assigns: XPExpert.Assigns]
09:51:13.361 [info] Child XPExpert of Supervisor XPExpert.Supervisor started
Pid: #PID<0.167.0>
Start Call: XPExpert.start_link([name: XPExpert, buffer: XPExpert.Buffer, task_supervisor: :expert_task_queue, dynamic_supervisor: XPExpert.DynamicSupervisor, assigns: XPExpert.Assigns])
Restart: :permanent
Shutdown: 500
Type: :worker
09:51:13.361 [info] Application xp_expert started at :nonode@nohost
09:51:13.429 [debug] handled request client -> server initialize in 63ms
09:51:13.434 [debug] sent request server -> client client/registerCapability
09:51:13.438 [info] Opened file:///home/goku/elixir/practice_hub/lib/practice_hub.ex
09:51:13.438 [debug] handled notification client -> server textDocument/didOpen in 5ms
09:51:13.454 [info] [Project file:///home/goku/elixir/practice_hub] Starting project
09:51:13.455 [debug] sent notification server -> client window/logMessage
09:51:13.459 [info] Child {XPExpert.EngineSupervisor, "practice_hub"} of Supervisor :"practice_hub::supervisor" started
Pid: #PID<0.174.0>
Start Call: XPExpert.EngineSupervisor.start_link(%XPForge.Project{root_uri: "file:///home/goku/elixir/practice_hub", mix_exs_uri: "file:///home/goku/elixir/practice_hub/mix.exs", mix_project?: true, mix_env: nil, mix_target: nil, env_variables: %{}, project_module: nil, entropy: 42234})
Restart: :permanent
Shutdown: 5000
Type: :worker
09:51:13.460 [debug] sent request server -> client window/workDoneProgress/create
09:51:13.461 [debug] handled notification client -> server initialized in 28ms
09:51:13.461 [debug] sent notification server -> client $/progress
09:51:13.465 [info] Child XPForge.EPMD of Supervisor :net_sup started
Pid: #PID<0.177.0>
Start Call: XPForge.EPMD.start_link()
Restart: :permanent
Shutdown: 2000
Type: :worker
09:51:13.466 [info] Child :auth of Supervisor :net_sup started
Pid: #PID<0.178.0>
Start Call: :auth.start_link()
Restart: :permanent
Shutdown: 2000
Type: :worker
09:51:13.471 [info] Child :net_kernel of Supervisor :net_sup started
Pid: #PID<0.179.0>
Start Call: :net_kernel.start_link(%{name: :"expert-manager-practice_hub-42234@127.0.0.1", supervisor: :net_sup_dynamic, net_tickintensity: 4, net_ticktime: 60, name_domain: :longnames, clean_halt: false})
Restart: :permanent
Shutdown: 2000
Type: :worker
09:51:13.472 [debug] Child :net_sup_dynamic of Supervisor :kernel_sup started
Pid: #PID<0.176.0>
Start Call: :erl_distribution.start_link(%{name: :"expert-manager-practice_hub-42234@127.0.0.1", supervisor: :net_sup_dynamic, net_tickintensity: 4, net_ticktime: 60, name_domain: :longnames, clean_halt: false})
Restart: :permanent
Shutdown: 1000
Type: :supervisor
09:51:13.622 [info] [Project file:///home/goku/elixir/practice_hub] Found elixir executable at /home/goku/.asdf/shims/elixir
09:51:13.622 [debug] sent notification server -> client window/logMessage
09:51:13.622 [info] [Project file:///home/goku/elixir/practice_hub] Finding or building engine
09:51:13.622 [debug] sent notification server -> client window/logMessage
09:51:13.623 [debug] sent request server -> client window/workDoneProgress/create
09:51:13.623 [debug] sent notification server -> client $/progress
09:51:15.644 [debug] Building engine: * creating /home/goku/.asdf/installs/elixir/1.19.4/.mix/archives/hex-2.5.1

09:51:15.766 [debug] sent notification server -> client window/logMessage
09:51:15.766 [info] Shutting down
09:51:15.766 [debug] handled request client -> server shutdown in 3ms
09:51:16.354 [debug] Building engine: * creating /home/goku/.asdf/installs/elixir/1.19.4/.mix/elixir/1-19-otp-28/rebar3

09:51:17.818 [debug] Building engine: Rewriting 20 app files

09:51:17.859 [debug] Building engine: Rewriting .beam files

09:51:17.902 [debug] Building engine:  Found 0 protocols
 Found 1640 app beam files

09:51:17.916 [debug] Building engine: Applying namespace:   0% complete
09:51:17.982 [debug] Building engine: 
09:51:17.984 [debug] Building engine: Applying namespace:   2% complete
09:51:18.052 [debug] Building engine: 
09:51:18.053 [debug] Building engine: Applying namespace:   5% complete
09:51:18.121 [debug] Building engine: 
09:51:18.121 [debug] Building engine: Applying namespace:   6% complete
09:51:18.189 [debug] Building engine: 
09:51:18.189 [debug] Building engine: Applying namespace:   7% complete
09:51:18.262 [debug] Building engine: 
09:51:18.264 [debug] Building engine: Applying namespace:   7% complete
09:51:18.328 [debug] Building engine: 
09:51:18.330 [debug] Building engine: Applying namespace:   8% complete
09:51:18.397 [debug] Building engine: 
09:51:18.399 [debug] Building engine: Applying namespace:   9% complete
09:51:18.464 [debug] Building engine: 
09:51:18.466 [debug] Building engine: Applying namespace:  11% complete
09:51:18.534 [debug] Building engine: 
09:51:18.534 [debug] Building engine: Applying namespace:  12% complete
09:51:18.602 [debug] Building engine: 
09:51:18.603 [debug] Building engine: Applying namespace:  13% complete
09:51:18.673 [debug] Building engine: 
09:51:18.673 [debug] Building engine: Applying namespace:  14% complete
09:51:18.741 [debug] Building engine: 
09:51:18.741 [debug] Building engine: Applying namespace:  16% complete
09:51:18.819 [debug] Building engine: 
09:51:18.820 [debug] Building engine: Applying namespace:  17% complete
09:51:18.885 [debug] Building engine: 
09:51:18.886 [debug] Building engine: Applying namespace:  17% complete
09:51:19.000 [debug] Building engine: 
09:51:19.001 [debug] Building engine: Applying namespace:  17% complete
09:51:19.096 [debug] Building engine: 
09:51:19.097 [debug] Building engine: Applying namespace:  18% complete
09:51:19.172 [debug] Building engine: 
09:51:19.174 [debug] Building engine: Applying namespace:  18% complete
09:51:19.238 [debug] Building engine: 
09:51:19.239 [debug] Building engine: Applying namespace:  19% complete
09:51:19.304 [debug] Building engine: 
09:51:19.306 [debug] Building engine: Applying namespace:  20% complete
09:51:19.370 [debug] Building engine: 
09:51:19.374 [debug] Building engine: Applying namespace:  21% complete
09:51:19.437 [debug] Building engine: 
09:51:19.437 [debug] Building engine: Applying namespace:  22% complete
09:51:19.502 [debug] Building engine: 
09:51:19.503 [debug] Building engine: Applying namespace:  23% complete
09:51:19.577 [debug] Building engine: 
09:51:19.578 [debug] Building engine: Applying namespace:  24% complete
09:51:19.650 [debug] Building engine: Applying namespace:  25% complete
09:51:19.715 [debug] Building engine: 
09:51:19.716 [debug] Building engine: Applying namespace:  27% complete
09:51:19.782 [debug] Building engine: 
09:51:19.782 [debug] Building engine: Applying namespace:  28% complete
09:51:19.851 [debug] Building engine: 
09:51:19.852 [debug] Building engine: Applying namespace:  31% complete
09:51:19.918 [debug] Building engine: 
09:51:19.919 [debug] Building engine: Applying namespace:  34% complete
09:51:19.986 [debug] Building engine: Applying namespace:  38% complete
09:51:20.050 [debug] Building engine: 
09:51:20.051 [debug] Building engine: Applying namespace:  45% complete
09:51:20.116 [debug] Building engine: 
09:51:20.116 [debug] Building engine: Applying namespace:  50% complete
09:51:20.183 [debug] Building engine: 
09:51:20.183 [debug] Building engine: Applying namespace:  56% complete
09:51:20.250 [debug] Building engine: 
09:51:20.250 [debug] Building engine: Applying namespace:  62% complete
09:51:20.316 [debug] Building engine: 
09:51:20.316 [debug] Building engine: Applying namespace:  70% complete
09:51:20.384 [debug] Building engine: Applying namespace:  79% complete
09:51:20.448 [debug] Building engine: 
09:51:20.448 [debug] Building engine: Applying namespace:  87% complete
09:51:20.516 [debug] Building engine: 
09:51:20.516 [debug] Building engine: Applying namespace:  92% complete
09:51:20.590 [debug] Building engine: 
09:51:20.590 [debug] Building engine: Applying namespace:  94% complete
09:51:20.695 [debug] Building engine: 
09:51:20.696 [debug] Building engine: Applying namespace:  94% complete
09:51:20.765 [debug] Building engine: 
09:51:20.765 [debug] Building engine: Applying namespace:  95% complete
09:51:20.836 [debug] Building engine: 
09:51:20.837 [debug] Building engine: Applying namespace:  96% complete
09:51:20.904 [debug] Building engine: 
09:51:20.904 [debug] Building engine: Applying namespace:  98% complete
09:51:20.988 [debug] Building engine: 
09:51:20.990 [debug] Building engine: Applying namespace:  98% complete
09:51:21.063 [debug] Building engine: Applying namespace:  99% complete
09:51:21.350 [debug] Building engine: Applying namespace:  99% complete
09:51:23.466 [debug] Building engine: 
09:51:23.466 [debug] Building engine: Applying namespace: 100% complete
 done

09:51:23.480 [debug] Building engine: Rewriting 0 scripts

09:51:23.491 [debug] Building engine: Rebuilding 0 boot files

09:51:23.513 [debug] Building engine: Rewriting 0 config scripts.

09:51:23.518 [info] Engine build available at: /home/goku/.local/share/Expert/0.1.0/ex-1.19.4-erl-16.1.2/QyWGvhFpwkDJFYoA-rLmqw/_build/dev_ns
09:51:23.553 [info] ebin paths:
["/home/goku/.local/share/Expert/0.1.0/ex-1.19.4-erl-16.1.2/QyWGvhFpwkDJFYoA-rLmqw/_build/dev_ns/lib/mix_install/ebin",
 "/home/goku/.local/share/Expert/0.1.0/ex-1.19.4-erl-16.1.2/QyWGvhFpwkDJFYoA-rLmqw/_build/dev_ns/lib/patch/ebin",
 "/home/goku/.local/share/Expert/0.1.0/ex-1.19.4-erl-16.1.2/QyWGvhFpwkDJFYoA-rLmqw/_build/dev_ns/lib/xp_bunt/ebin",
 "/home/goku/.local/share/Expert/0.1.0/ex-1.19.4-erl-16.1.2/QyWGvhFpwkDJFYoA-rLmqw/_build/dev_ns/lib/xp_credo/ebin",
 "/home/goku/.local/share/Expert/0.1.0/ex-1.19.4-erl-16.1.2/QyWGvhFpwkDJFYoA-rLmqw/_build/dev_ns/lib/xp_deps_nix/ebin",
 "/home/goku/.local/share/Expert/0.1.0/ex-1.19.4-erl-16.1.2/QyWGvhFpwkDJFYoA-rLmqw/_build/dev_ns/lib/xp_elixir_sense/ebin",
 "/home/goku/.local/share/Expert/0.1.0/ex-1.19.4-erl-16.1.2/QyWGvhFpwkDJFYoA-rLmqw/_build/dev_ns/lib/xp_engine/ebin",
 "/home/goku/.local/share/Expert/0.1.0/ex-1.19.4-erl-16.1.2/QyWGvhFpwkDJFYoA-rLmqw/_build/dev_ns/lib/xp_file_system/ebin",
 "/home/goku/.local/share/Expert/0.1.0/ex-1.19.4-erl-16.1.2/QyWGvhFpwkDJFYoA-rLmqw/_build/dev_ns/lib/xp_forge/ebin",
 "/home/goku/.local/share/Expert/0.1.0/ex-1.19.4-erl-16.1.2/QyWGvhFpwkDJFYoA-rLmqw/_build/dev_ns/lib/xp_gen_lsp/ebin",
 "/home/goku/.local/share/Expert/0.1.0/ex-1.19.4-erl-16.1.2/QyWGvhFpwkDJFYoA-rLmqw/_build/dev_ns/lib/xp_hpax/ebin",
 "/home/goku/.local/share/Expert/0.1.0/ex-1.19.4-erl-16.1.2/QyWGvhFpwkDJFYoA-rLmqw/_build/dev_ns/lib/xp_jason/ebin",
 "/home/goku/.local/share/Expert/0.1.0/ex-1.19.4-erl-16.1.2/QyWGvhFpwkDJFYoA-rLmqw/_build/dev_ns/lib/xp_mint/ebin",
 "/home/goku/.local/share/Expert/0.1.0/ex-1.19.4-erl-16.1.2/QyWGvhFpwkDJFYoA-rLmqw/_build/dev_ns/lib/xp_nimble_options/ebin",
 "/home/goku/.local/share/Expert/0.1.0/ex-1.19.4-erl-16.1.2/QyWGvhFpwkDJFYoA-rLmqw/_build/dev_ns/lib/xp_nimble_parsec/ebin",
 "/home/goku/.local/share/Expert/0.1.0/ex-1.19.4-erl-16.1.2/QyWGvhFpwkDJFYoA-rLmqw/_build/dev_ns/lib/xp_path_glob/ebin",
 "/home/goku/.local/share/Expert/0.1.0/ex-1.19.4-erl-16.1.2/QyWGvhFpwkDJFYoA-rLmqw/_build/dev_ns/lib/xp_refactorex/ebin",
 "/home/goku/.local/share/Expert/0.1.0/ex-1.19.4-erl-16.1.2/QyWGvhFpwkDJFYoA-rLmqw/_build/dev_ns/lib/xp_schematic/ebin",
 "/home/goku/.local/share/Expert/0.1.0/ex-1.19.4-erl-16.1.2/QyWGvhFpwkDJFYoA-rLmqw/_build/dev_ns/lib/xp_snowflake/ebin",
 "/home/goku/.local/share/Expert/0.1.0/ex-1.19.4-erl-16.1.2/QyWGvhFpwkDJFYoA-rLmqw/_build/dev_ns/lib/xp_sourceror/ebin",
 "/home/goku/.local/share/Expert/0.1.0/ex-1.19.4-erl-16.1.2/QyWGvhFpwkDJFYoA-rLmqw/_build/dev_ns/lib/xp_telemetry/ebin",
 "/home/goku/.local/share/Expert/0.1.0/ex-1.19.4-erl-16.1.2/QyWGvhFpwkDJFYoA-rLmqw/_build/dev_ns/lib/xp_typed_struct/ebin"]
09:51:23.578 [debug] sent notification server -> client $/progress
09:51:23.579 [debug] sent notification server -> client $/progress
09:51:23.988 [debug] sent notification server -> client $/progress
09:51:23.991 [debug] Node port message: ok

09:51:24.138 [debug] Node port message: 
09:51:24.128 [notice] Application mix exited: :stopped

09:51:24.153 [debug] Node port message:     warning: redefining module PracticeHub.MixProject (current version defined in memory)
    │
  1 │ defmodule PracticeHub.MixProject do
    │ ~~~~~~~~~~~~~~~~~~~~~~~~~~~~~~~~~~~
    │
    └─ /home/goku/elixir/practice_hub/mix.exs:1: PracticeHub.MixProject (module)


09:51:24.160 [debug] sent notification server -> client $/progress
09:51:24.160 [debug] sent notification server -> client $/progress
09:51:24.165 [debug] sent notification server -> client $/progress
09:51:24.261 [debug] sent notification server -> client $/progress
09:51:24.262 [debug] sent notification server -> client $/progress
09:51:24.262 [debug] sent notification server -> client $/progress
09:51:24.262 [debug] sent notification server -> client $/progress
09:51:24.262 [debug] sent notification server -> client $/progress
09:51:24.262 [debug] sent notification server -> client $/progress
09:51:24.262 [debug] sent notification server -> client $/progress
09:51:24.262 [debug] sent notification server -> client $/progress
09:51:24.262 [debug] sent notification server -> client $/progress
09:51:24.262 [debug] sent notification server -> client $/progress
09:51:24.262 [debug] sent notification server -> client $/progress
09:51:24.262 [debug] sent notification server -> client $/progress
09:51:24.262 [debug] sent notification server -> client $/progress
09:51:24.262 [debug] sent notification server -> client $/progress
09:51:24.262 [debug] sent notification server -> client $/progress
09:51:24.262 [debug] sent notification server -> client $/progress
09:51:24.262 [debug] sent notification server -> client $/progress
09:51:24.262 [debug] sent notification server -> client $/progress
09:51:24.262 [debug] sent notification server -> client $/progress
09:51:24.263 [info] Child {XPExpert.Project.Node, "practice_hub"} of Supervisor :"practice_hub::supervisor" started
Pid: #PID<0.175.0>
Start Call: XPExpert.Project.Node.start_link(%XPForge.Project{root_uri: "file:///home/goku/elixir/practice_hub", mix_exs_uri: "file:///home/goku/elixir/practice_hub/mix.exs", mix_project?: true, mix_env: nil, mix_target: nil, env_variables: %{}, project_module: nil, entropy: 42234})
Restart: :permanent
Shutdown: 5000
Type: :worker
09:51:24.264 [info] Child {XPExpert.Project.Diagnostics, "practice_hub"} of Supervisor :"practice_hub::supervisor" started
Pid: #PID<0.210.0>
Start Call: XPExpert.Project.Diagnostics.start_link(%XPForge.Project{root_uri: "file:///home/goku/elixir/practice_hub", mix_exs_uri: "file:///home/goku/elixir/practice_hub/mix.exs", mix_project?: true, mix_env: nil, mix_target: nil, env_variables: %{}, project_module: nil, entropy: 42234})
Restart: :permanent
Shutdown: 5000
Type: :worker
09:51:24.265 [info] Child {XPExpert.Project.Intelligence, "practice_hub"} of Supervisor :"practice_hub::supervisor" started
Pid: #PID<0.211.0>
Start Call: XPExpert.Project.Intelligence.start_link(%XPForge.Project{root_uri: "file:///home/goku/elixir/practice_hub", mix_exs_uri: "file:///home/goku/elixir/practice_hub/mix.exs", mix_project?: true, mix_env: nil, mix_target: nil, env_variables: %{}, project_module: nil, entropy: 42234})
Restart: :permanent
Shutdown: 5000
Type: :worker
09:51:24.266 [info] Child XPExpert.Project.SearchListener of Supervisor :"practice_hub::supervisor" started
Pid: #PID<0.212.0>
Start Call: XPExpert.Project.SearchListener.start_link(%XPForge.Project{root_uri: "file:///home/goku/elixir/practice_hub", mix_exs_uri: "file:///home/goku/elixir/practice_hub/mix.exs", mix_project?: true, mix_env: nil, mix_target: nil, env_variables: %{}, project_module: nil, entropy: 42234})
Restart: :permanent
Shutdown: 5000
Type: :worker
